06/10/18.50.2018. 12:50:53 :: Jan ::WARNING :: Logger Nachricht
06/10/18.50.2018. 12:50:55 :: Jan ::WARNING :: Logger Nachricht
06/10/18.50.2018. 12:50:57 :: Jan ::WARNING :: Logger Nachricht
06/10/18.50.2018. 12:50:59 :: Jan ::WARNING :: Logger Nachricht
06/10/18.51.2018. 12:51:01 :: Jan ::WARNING :: Logger Nachricht
06/10/18.51.2018. 12:51:03 :: Jan ::WARNING :: Logger Nachricht
06/10/18.51.2018. 12:51:05 :: Jan ::WARNING :: Logger Nachricht
06/10/18.51.2018. 12:51:07 :: Jan ::WARNING :: Logger Nachricht
06/10/18.51.2018. 12:51:09 :: Jan ::WARNING :: Logger Nachricht
06/10/18.51.2018. 12:51:11 :: Jan ::WARNING :: Logger Nachricht
10.51.2018. 12:51:13 :: Jan ::WARNING :: Logger Nachricht
10.51.2018. 12:51:15 :: Jan ::WARNING :: Logger Nachricht
10.51.2018. 12:51:18 :: Jan ::WARNING :: Logger Nachricht
10.51.2018. 12:51:20 :: Jan ::WARNING :: Logger Nachricht
10.51.2018. 12:51:22 :: Jan ::WARNING :: Logger Nachricht
10.06.2018. 12:51:24 :: Jan ::WARNING :: Logger Nachricht
10.06.2018. 12:51:26 :: Jan ::WARNING :: Logger Nachricht
10.06.2018. 12:51:28 :: Jan ::WARNING :: Logger Nachricht
10.06.2018. 12:51:30 :: Jan ::WARNING :: Logger Nachricht
10.06.2018. 12:51:32 :: Jan ::WARNING :: Logger Nachricht
10.06.2018. 12:51 :: Jan ::WARNING :: Logger Nachricht
10.06.2018. 12:51 :: Jan ::WARNING :: Logger Nachricht
10.06.2018. 12:51 :: Jan ::WARNING :: Logger Nachricht
10.06.2018. 12:51 :: Jan ::WARNING :: Logger Nachricht
10.06.2018. 12:51 :: Jan ::WARNING :: Logger Nachricht
10.06.2018. 12:51 :: Jan ::WARNING :: Logger Nachricht
10.06.2018, 12:51 :: Jan ::WARNING :: Logger Nachricht
10.06.2018, 12:51 :: Jan ::WARNING :: Logger Nachricht
10.06.2018, 12:51 :: Jan ::WARNING :: Logger Nachricht
10.06.2018, 12:51 :: Jan ::WARNING :: Logger Nachricht
10.06.2018, 12:51 :: Jan ::WARNING :: Logger Nachricht
10.06.2018, 12:51 :: Jan ::WARNING :: Logger Nachricht
10.06.2018, 12:51 :: Jan ::WARNING :: Logger Nachricht
10.06.2018, 12:52 :: Jan ::WARNING :: Logger Nachricht
10.06.2018, 12:52 :: Jan ::WARNING :: Logger Nachricht
10.06.2018, 12:52 :: Jan ::WARNING :: Logger Nachricht
10.06.2018, 12:52 :: Jan ::WARNING :: Logger Nachricht
10.06.2018, 12:52 :: Jan ::WARNING :: Logger Nachricht
10.06.2018, 12:52 (Jan, WARNING): Logger Nachricht
10.06.2018, 12:52 (Jan, WARNING): Logger Nachricht
10.06.2018, 12:52 (Jan, WARNING): Logger Nachricht
10.06.2018, 12:52 (Jan, WARNING): Logger Nachricht
10.06.2018, 12:52 (Jan, WARNING): Logger Nachricht
10.06.2018, 12:52 (Jan, WARNING): Logger Nachricht
10.06.2018, 12:52 (Jan, WARNING): Logger Nachricht
10.06.2018, 12:52 (Jan, WARNING): Logger Nachricht
10.06.2018, 12:52 (Jan, WARNING): Logger Nachricht
10.06.2018, 12:52 (Jan, WARNING): Logger Nachricht
10.06.2018, 12:52 (Jan, WARNING): Logger Nachricht
10.06.2018, 12:52 (Jan, WARNING): Logger Nachricht
10.06.2018, 12:52 (Jan, WARNING): Logger Nachricht
10.06.2018, 12:52 (Jan, WARNING): Logger Nachricht
10.06.2018, 12:52 (Jan, WARNING): Logger Nachricht
10.06.2018, 12:52 (Jan, WARNING): Logger Nachricht
10.06.2018, 12:52 (Jan, WARNING): Logger Nachricht
10.06.2018, 12:52 (Jan, WARNING): Logger Nachricht
10.06.2018, 12:52 (Jan, WARNING): Logger Nachricht
10.06.2018, 12:52 (Jan, WARNING): Logger Nachricht
10.06.2018, 12:52 (Jan, WARNING): Logger Nachricht
10.06.2018, 12:52 (Jan, WARNING): Logger Nachricht
10.06.2018, 12:52 (Jan, WARNING): Logger Nachricht
